Arguments: 
  /usr/local/bin/node /usr/local/Cellar/yarn/1.15.2/libexec/bin/yarn.js

PATH: 
  /usr/local/bin:/usr/bin:/bin:/usr/sbin:/sbin:/Users/desided/WebstormProjects/MessagesVue/node_modules/.bin

Yarn version: 
  1.15.2

Node version: 
  10.15.3

Platform: 
  darwin x64

Trace: 
  SyntaxError: /Users/desided/WebstormProjects/MessagesVue/web/package.json: Unexpected token } in JSON at position 1034
      at JSON.parse (<anonymous>)
      at /usr/local/Cellar/yarn/1.15.2/libexec/lib/cli.js:1625:59
      at Generator.next (<anonymous>)
      at step (/usr/local/Cellar/yarn/1.15.2/libexec/lib/cli.js:304:30)
      at /usr/local/Cellar/yarn/1.15.2/libexec/lib/cli.js:315:13

npm manifest: 
  {
    "name": "chat",
    "version": "1.0.1",
    "description": "chat",
    "private": true,
    "scripts": {
      "site:start:dev": "webpack-dev-server --config webpack.config.js --progress --colors --env development",
      "site:start:test": "webpack-dev-server --config webpack.config.js --progress --colors --env test",
      "site:build:dev": "webpack --config webpack.config.js --progress --colors --env development",
      "site:build:prod": "webpack --config webpack.config.js --progress --colors --env prod",
      "ncu": "ncu -u"
    },
    "postcss": {
      "plugins": {
        "autoprefixer": {}
      }
    },
    "browserslist": [
      "> 1%",
      "last 2 versions",
      "not ie <= 8"
    ],
    "dependencies": {
      "lodash": "^4.17.15",
      "pug": "^2.0.4",
      "reflect-metadata": "^0.1.13",
      "v-tooltip": "^2.0.2",
      "vue-multiselect": "^2.1.6",
      "vue-property-decorator": "^8.2.1",
      "vue-types": "^1.5.7",
      "vue2-timepicker": "^0.1.4",
      "vuex": "^3.1.1",
      "vuex-module-decorators": "^0.9.9",
      "vuex-router-sync": "^5.0.0",
    },
    "devDependencies": {
      "@babel/cli": "^7.5.5",
      "@babel/core": "^7.5.5",
      "@babel/node": "^7.5.5",
      "@babel/parser": "^7.5.5",
      "@babel/plugin-proposal-class-properties": "^7.5.5",
      "@babel/plugin-proposal-decorators": "^7.4.4",
      "@babel/plugin-proposal-object-rest-spread": "^7.5.5",
      "@babel/plugin-syntax-dynamic-import": "^7.2.0",
      "@babel/plugin-transform-flow-strip-types": "^7.4.4",
      "@babel/plugin-transform-runtime": "^7.5.5",
      "@babel/plugin-transform-typescript": "^7.5.5",
      "@babel/preset-env": "^7.5.5",
      "@babel/preset-typescript": "^7.3.3",
      "@babel/register": "^7.5.5",
      "@babel/runtime": "7.5.5",
      "@types/mocha": "^5.2.7",
      "@types/node": "^12.6.8",
      "@types/socket.io-client": "^1.4.32",
      "@typescript-eslint/eslint-plugin": "^1.13.0",
      "@typescript-eslint/parser": "^1.13.0",
      "@vue/cli-plugin-babel": "^3.9.2",
      "@vue/cli-plugin-eslint": "^3.9.2",
      "@vue/cli-plugin-unit-mocha": "^3.9.0",
      "@vue/cli-service": "^3.9.3",
      "@vue/eslint-config-prettier": "5.0.0",
      "@vue/eslint-config-standard": "^4.0.0",
      "babel-loader": "^8.0.6",
      "babel-plugin-transform-typescript-metadata": "^0.2.2",
      "cache-loader": "^4.1.0",
      "chai": "^4.2.0",
      "chromedriver": "^75.1.0",
      "circular-dependency-plugin": "^5.0.2",
      "clean-webpack-plugin": "^3.0.0",
      "copy-webpack-plugin": "^5.0.4",
      "css-loader": "^3.1.0",
      "depcheck": "^0.8.3",
      "duplicate-package-checker-webpack-plugin": "^3.0.0",
      "eslint": "^6.1.0",
      "eslint-config-prettier": "6.0.0",
      "eslint-config-walmart": "2.2.1",
      "eslint-loader": "^2.2.1",
      "eslint-plugin-class-property": "^1.1.0",
      "eslint-plugin-filenames": "1.3.2",
      "eslint-plugin-jquery": "^1.5.1",
      "eslint-plugin-lodash": "^5.1.0",
      "eslint-plugin-prettier": "^3.1.0",
      "eslint-plugin-typescript": "^0.14.0",
      "eslint-plugin-vue": "^5.2.3",
      "file-loader": "^4.1.0",
      "google-fonts-plugin": "^5.0.0",
      "happypack": "^5.0.1",
      "html-loader": "^0.5.5",
      "html-webpack-plugin": "^3.2.0",
      "husky": "^3.0.1",
      "import-glob-loader": "^1.1.0",
      "imports-loader": "^0.8.0",
      "json-loader": "^0.5.7",
      "lint-staged": "^9.2.1",
      "mocha": "^6.2.0",
      "node-sass": "^4.12.0",
      "node-telegram-bot-api": "^0.30.0",
      "npm-check": "^5.9.0",
      "npm-check-updates": "^3.1.20",
      "prettier": "^1.18.2",
      "prettier-eslint": "9.0.0",
      "prettier-eslint-cli": "5.0.0",
      "pug-plain-loader": "^1.0.0",
      "raw-loader": "^3.1.0",
      "sass-loader": "^7.1.0",
      "script-ext-html-webpack-plugin": "^2.1.4",
      "script-loader": "^0.7.2",
      "selenium": "^2.20.0",
      "selenium-webdriver": "^3.6.0",
      "terser-webpack-plugin": "^1.3.0",
      "transform-loader": "^0.2.4",
      "ts-loader": "^6.0.4",
      "ts-mocha": "^6.0.0",
      "ts-node": "8.3.0",
      "typescript": "^3.5.3",
      "vue": "^2.6.10",
      "vue-eslint-parser": "^6.0.4",
      "vue-loader": "^15.7.1",
      "vue-router": "^3.1.2",
      "vue-style-loader": "^4.1.2",
      "vue-svg-loader": "^0.12.0",
      "vue-template-compiler": "^2.6.10",
      "vue-template-loader": "^1.0.0",
      "webpack": "^4.38.0",
      "webpack-cli": "^3.3.6",
      "webpack-dev-server": "^3.7.2",
      "webpack-merge": "^4.2.1",
      "webpack-node-externals": "^1.7.2"
    }
  }

yarn manifest: 
  No manifest

Lockfile: 
  No lockfile
